# JRE version: OpenJDK Runtime Environment (17.0.10) (build 17.0.10+0--11572160)
# Java VM: OpenJDK 64-Bit Server VM (17.0.10+0--11572160, mixed mode, tiered, compressed oops, compressed class ptrs, g1 gc, windows-amd64)
GC Precious Log:
 CPUs: 4 total, 4 available
 Memory: 8095M
 Large Page Support: Disabled
 NUMA Support: Disabled
 Compressed Oops: Enabled (32-bit)
 Heap Region Size: 1M
 Heap Min Capacity: 8M
 Heap Initial Capacity: 128M
 Heap Max Capacity: 2G
 Pre-touch: Disabled
 Parallel Workers: 4
 Concurrent Workers: 1
 Concurrent Refinement Workers: 4
 Periodic GC: Disabled
Heap:
 garbage-first heap   total 366592K, used 272384K [0x0000000080000000, 0x0000000100000000)
  region size 1024K, 8 young (8192K), 8 survivors (8192K)
 Metaspace       used 160351K, committed 161408K, reserved 1245184K
  class space    used 21569K, committed 22080K, reserved 1048576K
GC Heap History (20 events):
Event: 1213.742 GC heap after
{Heap after GC invocations=120 (full 0):
 garbage-first heap   total 258048K, used 162816K [0x0000000080000000, 0x0000000100000000)
  region size 1024K, 2 young (2048K), 2 survivors (2048K)
 Metaspace       used 139962K, committed 140928K, reserved 1179648K
  class space    used 19247K, committed 19712K, reserved 1048576K
}
Event: 1213.767 GC heap before
{Heap before GC invocations=120 (full 0):
 garbage-first heap   total 258048K, used 163840K [0x0000000080000000, 0x0000000100000000)
  region size 1024K, 4 young (4096K), 2 survivors (2048K)
 Metaspace       used 139979K, committed 140928K, reserved 1179648K
  class space    used 19247K, committed 19712K, reserved 1048576K
}
Event: 1213.775 GC heap after
{Heap after GC invocations=121 (full 0):
 garbage-first heap   total 258048K, used 163363K [0x0000000080000000, 0x0000000100000000)
  region size 1024K, 3 young (3072K), 3 survivors (3072K)
 Metaspace       used 139979K, committed 140928K, reserved 1179648K
  class space    used 19247K, committed 19712K, reserved 1048576K
}
Event: 1218.097 GC heap before
{Heap before GC invocations=122 (full 0):
 garbage-first heap   total 326656K, used 235043K [0x0000000080000000, 0x0000000100000000)
  region size 1024K, 46 young (47104K), 3 survivors (3072K)
 Metaspace       used 142166K, committed 143168K, reserved 1179648K
  class space    used 19480K, committed 19968K, reserved 1048576K
}
Event: 1218.116 GC heap after
{Heap after GC invocations=123 (full 0):
 garbage-first heap   total 326656K, used 164975K [0x0000000080000000, 0x0000000100000000)
  region size 1024K, 5 young (5120K), 5 survivors (5120K)
 Metaspace       used 142166K, committed 143168K, reserved 1179648K
  class space    used 19480K, committed 19968K, reserved 1048576K
}
Event: 1219.210 GC heap before
{Heap before GC invocations=123 (full 0):
 garbage-first heap   total 326656K, used 174191K [0x0000000080000000, 0x0000000100000000)
  region size 1024K, 15 young (15360K), 5 survivors (5120K)
 Metaspace       used 142373K, committed 143296K, reserved 1179648K
  class space    used 19509K, committed 19968K, reserved 1048576K
}
Event: 1219.230 GC heap after
{Heap after GC invocations=124 (full 0):
 garbage-first heap   total 326656K, used 164316K [0x0000000080000000, 0x0000000100000000)
  region size 1024K, 2 young (2048K), 2 survivors (2048K)
 Metaspace       used 142373K, committed 143296K, reserved 1179648K
  class space    used 19509K, committed 19968K, reserved 1048576K
}
Event: 1236.285 GC heap before
{Heap before GC invocations=124 (full 0):
 garbage-first heap   total 326656K, used 251356K [0x0000000080000000, 0x0000000100000000)
  region size 1024K, 88 young (90112K), 2 survivors (2048K)
 Metaspace       used 145060K, committed 146048K, reserved 1179648K
  class space    used 19798K, committed 20288K, reserved 1048576K
}
Event: 1236.298 GC heap after
{Heap after GC invocations=125 (full 0):
 garbage-first heap   total 326656K, used 167220K [0x0000000080000000, 0x0000000100000000)
  region size 1024K, 5 young (5120K), 5 survivors (5120K)
 Metaspace       used 145060K, committed 146048K, reserved 1179648K
  class space    used 19798K, committed 20288K, reserved 1048576K
}
Event: 1248.105 GC heap before
{Heap before GC invocations=126 (full 0):
 garbage-first heap   total 353280K, used 237876K [0x0000000080000000, 0x0000000100000000)
  region size 1024K, 92 young (94208K), 5 survivors (5120K)
 Metaspace       used 145437K, committed 146432K, reserved 1179648K
  class space    used 19825K, committed 20352K, reserved 1048576K
}
Event: 1248.119 GC heap after
{Heap after GC invocations=127 (full 0):
 garbage-first heap   total 353280K, used 149753K [0x0000000080000000, 0x0000000100000000)
  region size 1024K, 5 young (5120K), 5 survivors (5120K)
 Metaspace       used 145437K, committed 146432K, reserved 1179648K
  class space    used 19825K, committed 20352K, reserved 1048576K
}
Event: 1248.747 GC heap before
{Heap before GC invocations=127 (full 0):
 garbage-first heap   total 353280K, used 162041K [0x0000000080000000, 0x0000000100000000)
  region size 1024K, 17 young (17408K), 5 survivors (5120K)
 Metaspace       used 146269K, committed 147328K, reserved 1179648K
  class space    used 19949K, committed 20480K, reserved 1048576K
}
Event: 1248.764 GC heap after
{Heap after GC invocations=128 (full 0):
 garbage-first heap   total 353280K, used 145371K [0x0000000080000000, 0x0000000100000000)
  region size 1024K, 2 young (2048K), 2 survivors (2048K)
 Metaspace       used 146269K, committed 147328K, reserved 1179648K
  class space    used 19949K, committed 20480K, reserved 1048576K
}
Event: 1250.378 GC heap before
{Heap before GC invocations=128 (full 0):
 garbage-first heap   total 353280K, used 179163K [0x0000000080000000, 0x0000000100000000)
  region size 1024K, 37 young (37888K), 2 survivors (2048K)
 Metaspace       used 152454K, committed 153472K, reserved 1245184K
  class space    used 20719K, committed 21248K, reserved 1048576K
}
Event: 1250.386 GC heap after
{Heap after GC invocations=129 (full 0):
 garbage-first heap   total 353280K, used 146910K [0x0000000080000000, 0x0000000100000000)
  region size 1024K, 3 young (3072K), 3 survivors (3072K)
 Metaspace       used 152454K, committed 153472K, reserved 1245184K
  class space    used 20719K, committed 21248K, reserved 1048576K
}
Event: 1254.266 GC heap before
{Heap before GC invocations=130 (full 0):
 garbage-first heap   total 353280K, used 292318K [0x0000000080000000, 0x0000000100000000)
  region size 1024K, 142 young (145408K), 3 survivors (3072K)
 Metaspace       used 160264K, committed 161344K, reserved 1245184K
  class space    used 21569K, committed 22080K, reserved 1048576K
}
Event: 1254.379 GC heap after
{Heap after GC invocations=131 (full 0):
 garbage-first heap   total 366592K, used 218225K [0x0000000080000000, 0x0000000100000000)
  region size 1024K, 18 young (18432K), 18 survivors (18432K)
 Metaspace       used 160264K, committed 161344K, reserved 1245184K
  class space    used 21569K, committed 22080K, reserved 1048576K
}
Event: 1254.410 GC heap before
{Heap before GC invocations=131 (full 0):
 garbage-first heap   total 366592K, used 219249K [0x0000000080000000, 0x0000000100000000)
  region size 1024K, 19 young (19456K), 18 survivors (18432K)
 Metaspace       used 160265K, committed 161344K, reserved 1245184K
  class space    used 21569K, committed 22080K, reserved 1048576K
}
Event: 1254.460 GC heap after
{Heap after GC invocations=132 (full 0):
 garbage-first heap   total 366592K, used 218624K [0x0000000080000000, 0x0000000100000000)
  region size 1024K, 2 young (2048K), 2 survivors (2048K)
 Metaspace       used 160265K, committed 161344K, reserved 1245184K
  class space    used 21569K, committed 22080K, reserved 1048576K
}
Event: 1254.875 GC heap before
{Heap before GC invocations=132 (full 0):
 garbage-first heap   total 366592K, used 282112K [0x0000000080000000, 0x0000000100000000)
  region size 1024K, 64 young (65536K), 2 survivors (2048K)
 Metaspace       used 160351K, committed 161408K, reserved 1245184K
  class space    used 21569K, committed 22080K, reserved 1048576K
}

