# JRE version: OpenJDK Runtime Environment (17.0.10) (build 17.0.10+0--11572160)
# Java VM: OpenJDK 64-Bit Server VM (17.0.10+0--11572160, mixed mode, tiered, compressed oops, compressed class ptrs, g1 gc, windows-amd64)
GC Precious Log:
 CPUs: 4 total, 4 available
 Memory: 8095M
 Large Page Support: Disabled
 NUMA Support: Disabled
 Compressed Oops: Enabled (32-bit)
 Heap Region Size: 1M
 Heap Min Capacity: 8M
 Heap Initial Capacity: 128M
 Heap Max Capacity: 2024M
 Pre-touch: Disabled
 Parallel Workers: 4
 Concurrent Workers: 1
 Concurrent Refinement Workers: 4
 Periodic GC: Disabled
Heap:
 garbage-first heap   total 95232K, used 36765K [0x0000000081800000, 0x0000000100000000)
  region size 1024K, 4 young (4096K), 1 survivors (1024K)
 Metaspace       used 51917K, committed 52160K, reserved 1114112K
  class space    used 6256K, committed 6336K, reserved 1048576K
GC Heap History (20 events):
Event: 4.274 GC heap before
{Heap before GC invocations=5 (full 0):
 garbage-first heap   total 45056K, used 33084K [0x0000000081800000, 0x0000000100000000)
  region size 1024K, 21 young (21504K), 2 survivors (2048K)
 Metaspace       used 29117K, committed 29312K, reserved 1114112K
  class space    used 3563K, committed 3648K, reserved 1048576K
}
Event: 4.290 GC heap after
{Heap after GC invocations=6 (full 0):
 garbage-first heap   total 45056K, used 18606K [0x0000000081800000, 0x0000000100000000)
  region size 1024K, 3 young (3072K), 3 survivors (3072K)
 Metaspace       used 29117K, committed 29312K, reserved 1114112K
  class space    used 3563K, committed 3648K, reserved 1048576K
}
Event: 4.906 GC heap before
{Heap before GC invocations=6 (full 0):
 garbage-first heap   total 45056K, used 31918K [0x0000000081800000, 0x0000000100000000)
  region size 1024K, 16 young (16384K), 3 survivors (3072K)
 Metaspace       used 33284K, committed 33408K, reserved 1114112K
  class space    used 4233K, committed 4288K, reserved 1048576K
}
Event: 4.918 GC heap after
{Heap after GC invocations=7 (full 0):
 garbage-first heap   total 54272K, used 20192K [0x0000000081800000, 0x0000000100000000)
  region size 1024K, 2 young (2048K), 2 survivors (2048K)
 Metaspace       used 33284K, committed 33408K, reserved 1114112K
  class space    used 4233K, committed 4288K, reserved 1048576K
}
Event: 5.345 GC heap before
{Heap before GC invocations=7 (full 0):
 garbage-first heap   total 54272K, used 34528K [0x0000000081800000, 0x0000000100000000)
  region size 1024K, 17 young (17408K), 2 survivors (2048K)
 Metaspace       used 35846K, committed 36096K, reserved 1114112K
  class space    used 4525K, committed 4672K, reserved 1048576K
}
Event: 5.357 GC heap after
{Heap after GC invocations=8 (full 0):
 garbage-first heap   total 54272K, used 19692K [0x0000000081800000, 0x0000000100000000)
  region size 1024K, 3 young (3072K), 3 survivors (3072K)
 Metaspace       used 35846K, committed 36096K, reserved 1114112K
  class space    used 4525K, committed 4672K, reserved 1048576K
}
Event: 5.807 GC heap before
{Heap before GC invocations=9 (full 0):
 garbage-first heap   total 54272K, used 36076K [0x0000000081800000, 0x0000000100000000)
  region size 1024K, 20 young (20480K), 3 survivors (3072K)
 Metaspace       used 39506K, committed 39744K, reserved 1114112K
  class space    used 4834K, committed 4928K, reserved 1048576K
}
Event: 5.822 GC heap after
{Heap after GC invocations=10 (full 0):
 garbage-first heap   total 54272K, used 21558K [0x0000000081800000, 0x0000000100000000)
  region size 1024K, 2 young (2048K), 2 survivors (2048K)
 Metaspace       used 39506K, committed 39744K, reserved 1114112K
  class space    used 4834K, committed 4928K, reserved 1048576K
}
Event: 5.861 GC heap before
{Heap before GC invocations=10 (full 0):
 garbage-first heap   total 54272K, used 22582K [0x0000000081800000, 0x0000000100000000)
  region size 1024K, 3 young (3072K), 2 survivors (2048K)
 Metaspace       used 39721K, committed 40000K, reserved 1114112K
  class space    used 4860K, committed 4992K, reserved 1048576K
}
Event: 5.871 GC heap after
{Heap after GC invocations=11 (full 0):
 garbage-first heap   total 54272K, used 22107K [0x0000000081800000, 0x0000000100000000)
  region size 1024K, 1 young (1024K), 1 survivors (1024K)
 Metaspace       used 39721K, committed 40000K, reserved 1114112K
  class space    used 4860K, committed 4992K, reserved 1048576K
}
Event: 6.724 GC heap before
{Heap before GC invocations=11 (full 0):
 garbage-first heap   total 54272K, used 39515K [0x0000000081800000, 0x0000000100000000)
  region size 1024K, 18 young (18432K), 1 survivors (1024K)
 Metaspace       used 43996K, committed 44288K, reserved 1114112K
  class space    used 5362K, committed 5504K, reserved 1048576K
}
Event: 6.734 GC heap after
{Heap after GC invocations=12 (full 0):
 garbage-first heap   total 54272K, used 22912K [0x0000000081800000, 0x0000000100000000)
  region size 1024K, 2 young (2048K), 2 survivors (2048K)
 Metaspace       used 43996K, committed 44288K, reserved 1114112K
  class space    used 5362K, committed 5504K, reserved 1048576K
}
Event: 7.676 GC heap before
{Heap before GC invocations=13 (full 0):
 garbage-first heap   total 54272K, used 40320K [0x0000000081800000, 0x0000000100000000)
  region size 1024K, 18 young (18432K), 2 survivors (2048K)
 Metaspace       used 47234K, committed 47424K, reserved 1114112K
  class space    used 5751K, committed 5824K, reserved 1048576K
}
Event: 7.686 GC heap after
{Heap after GC invocations=14 (full 0):
 garbage-first heap   total 54272K, used 27442K [0x0000000081800000, 0x0000000100000000)
  region size 1024K, 3 young (3072K), 3 survivors (3072K)
 Metaspace       used 47234K, committed 47424K, reserved 1114112K
  class space    used 5751K, committed 5824K, reserved 1048576K
}
Event: 8.539 GC heap before
{Heap before GC invocations=14 (full 0):
 garbage-first heap   total 54272K, used 41778K [0x0000000081800000, 0x0000000100000000)
  region size 1024K, 17 young (17408K), 3 survivors (3072K)
 Metaspace       used 49572K, committed 49792K, reserved 1114112K
  class space    used 6014K, committed 6080K, reserved 1048576K
}
Event: 8.553 GC heap after
{Heap after GC invocations=15 (full 0):
 garbage-first heap   total 95232K, used 30292K [0x0000000081800000, 0x0000000100000000)
  region size 1024K, 3 young (3072K), 3 survivors (3072K)
 Metaspace       used 49572K, committed 49792K, reserved 1114112K
  class space    used 6014K, committed 6080K, reserved 1048576K
}
Event: 9.921 GC heap before
{Heap before GC invocations=16 (full 0):
 garbage-first heap   total 95232K, used 68180K [0x0000000081800000, 0x0000000100000000)
  region size 1024K, 39 young (39936K), 3 survivors (3072K)
 Metaspace       used 51658K, committed 51904K, reserved 1114112K
  class space    used 6233K, committed 6336K, reserved 1048576K
}
Event: 9.942 GC heap after
{Heap after GC invocations=17 (full 0):
 garbage-first heap   total 95232K, used 34366K [0x0000000081800000, 0x0000000100000000)
  region size 1024K, 4 young (4096K), 4 survivors (4096K)
 Metaspace       used 51658K, committed 51904K, reserved 1114112K
  class space    used 6233K, committed 6336K, reserved 1048576K
}
Event: 10.043 GC heap before
{Heap before GC invocations=17 (full 0):
 garbage-first heap   total 95232K, used 35390K [0x0000000081800000, 0x0000000100000000)
  region size 1024K, 5 young (5120K), 4 survivors (4096K)
 Metaspace       used 51765K, committed 51968K, reserved 1114112K
  class space    used 6248K, committed 6336K, reserved 1048576K
}
Event: 10.063 GC heap after
{Heap after GC invocations=18 (full 0):
 garbage-first heap   total 95232K, used 34717K [0x0000000081800000, 0x0000000100000000)
  region size 1024K, 1 young (1024K), 1 survivors (1024K)
 Metaspace       used 51765K, committed 51968K, reserved 1114112K
  class space    used 6248K, committed 6336K, reserved 1048576K
}

