# JRE version: OpenJDK Runtime Environment (17.0.10) (build 17.0.10+0--11572160)
# Java VM: OpenJDK 64-Bit Server VM (17.0.10+0--11572160, mixed mode, tiered, compressed oops, compressed class ptrs, g1 gc, windows-amd64)
GC Precious Log:
 CPUs: 4 total, 4 available
 Memory: 8095M
 Large Page Support: Disabled
 NUMA Support: Disabled
 Compressed Oops: Enabled (32-bit)
 Heap Region Size: 1M
 Heap Min Capacity: 8M
 Heap Initial Capacity: 128M
 Heap Max Capacity: 2G
 Pre-touch: Disabled
 Parallel Workers: 4
 Concurrent Workers: 1
 Concurrent Refinement Workers: 4
 Periodic GC: Disabled
Heap:
 garbage-first heap   total 406528K, used 218476K [0x0000000080000000, 0x0000000100000000)
  region size 1024K, 98 young (100352K), 0 survivors (0K)
 Metaspace       used 169424K, committed 170688K, reserved 1245184K
  class space    used 22187K, committed 22784K, reserved 1048576K
GC Heap History (20 events):
Event: 6239.760 GC heap before
{Heap before GC invocations=95 (full 1):
 garbage-first heap   total 750592K, used 221112K [0x0000000080000000, 0x0000000100000000)
  region size 1024K, 63 young (64512K), 11 survivors (11264K)
 Metaspace       used 156390K, committed 157376K, reserved 1245184K
  class space    used 21076K, committed 21568K, reserved 1048576K
}
Event: 6239.802 GC heap after
{Heap after GC invocations=96 (full 1):
 garbage-first heap   total 750592K, used 180174K [0x0000000080000000, 0x0000000100000000)
  region size 1024K, 8 young (8192K), 8 survivors (8192K)
 Metaspace       used 156390K, committed 157376K, reserved 1245184K
  class space    used 21076K, committed 21568K, reserved 1048576K
}
Event: 6244.438 GC heap before
{Heap before GC invocations=96 (full 1):
 garbage-first heap   total 750592K, used 245710K [0x0000000080000000, 0x0000000100000000)
  region size 1024K, 71 young (72704K), 8 survivors (8192K)
 Metaspace       used 157610K, committed 158656K, reserved 1245184K
  class space    used 21117K, committed 21632K, reserved 1048576K
}
Event: 6244.465 GC heap after
{Heap after GC invocations=97 (full 1):
 garbage-first heap   total 750592K, used 185443K [0x0000000080000000, 0x0000000100000000)
  region size 1024K, 9 young (9216K), 9 survivors (9216K)
 Metaspace       used 157610K, committed 158656K, reserved 1245184K
  class space    used 21117K, committed 21632K, reserved 1048576K
}
Event: 6250.223 GC heap before
{Heap before GC invocations=97 (full 1):
 garbage-first heap   total 750592K, used 263267K [0x0000000080000000, 0x0000000100000000)
  region size 1024K, 85 young (87040K), 9 survivors (9216K)
 Metaspace       used 158738K, committed 159744K, reserved 1245184K
  class space    used 21126K, committed 21632K, reserved 1048576K
}
Event: 6250.244 GC heap after
{Heap after GC invocations=98 (full 1):
 garbage-first heap   total 750592K, used 183959K [0x0000000080000000, 0x0000000100000000)
  region size 1024K, 6 young (6144K), 6 survivors (6144K)
 Metaspace       used 158738K, committed 159744K, reserved 1245184K
  class space    used 21126K, committed 21632K, reserved 1048576K
}
Event: 6747.353 GC heap before
{Heap before GC invocations=98 (full 1):
 garbage-first heap   total 750592K, used 370327K [0x0000000080000000, 0x0000000100000000)
  region size 1024K, 157 young (160768K), 6 survivors (6144K)
 Metaspace       used 160095K, committed 161216K, reserved 1245184K
  class space    used 21265K, committed 21824K, reserved 1048576K
}
Event: 6747.417 GC heap after
{Heap after GC invocations=99 (full 1):
 garbage-first heap   total 750592K, used 189997K [0x0000000080000000, 0x0000000100000000)
  region size 1024K, 12 young (12288K), 12 survivors (12288K)
 Metaspace       used 160095K, committed 161216K, reserved 1245184K
  class space    used 21265K, committed 21824K, reserved 1048576K
}
Event: 6774.428 GC heap before
{Heap before GC invocations=99 (full 1):
 garbage-first heap   total 750592K, used 622125K [0x0000000080000000, 0x0000000100000000)
  region size 1024K, 435 young (445440K), 12 survivors (12288K)
 Metaspace       used 165109K, committed 166208K, reserved 1245184K
  class space    used 21773K, committed 22272K, reserved 1048576K
}
Event: 6774.573 GC heap after
{Heap after GC invocations=100 (full 1):
 garbage-first heap   total 750592K, used 205605K [0x0000000080000000, 0x0000000100000000)
  region size 1024K, 27 young (27648K), 27 survivors (27648K)
 Metaspace       used 165109K, committed 166208K, reserved 1245184K
  class space    used 21773K, committed 22272K, reserved 1048576K
}
Event: 6790.188 GC heap before
{Heap before GC invocations=100 (full 1):
 garbage-first heap   total 750592K, used 568101K [0x0000000080000000, 0x0000000100000000)
  region size 1024K, 379 young (388096K), 27 survivors (27648K)
 Metaspace       used 165293K, committed 166336K, reserved 1245184K
  class space    used 21777K, committed 22272K, reserved 1048576K
}
Event: 6790.244 GC heap after
{Heap after GC invocations=101 (full 1):
 garbage-first heap   total 750592K, used 199039K [0x0000000080000000, 0x0000000100000000)
  region size 1024K, 10 young (10240K), 10 survivors (10240K)
 Metaspace       used 165293K, committed 166336K, reserved 1245184K
  class space    used 21777K, committed 22272K, reserved 1048576K
}
Event: 6794.757 GC heap before
{Heap before GC invocations=101 (full 1):
 garbage-first heap   total 750592K, used 612735K [0x0000000080000000, 0x0000000100000000)
  region size 1024K, 415 young (424960K), 10 survivors (10240K)
 Metaspace       used 165558K, committed 166656K, reserved 1245184K
  class space    used 21810K, committed 22336K, reserved 1048576K
}
Event: 6794.804 GC heap after
{Heap after GC invocations=102 (full 1):
 garbage-first heap   total 750592K, used 206207K [0x0000000080000000, 0x0000000100000000)
  region size 1024K, 17 young (17408K), 17 survivors (17408K)
 Metaspace       used 165558K, committed 166656K, reserved 1245184K
  class space    used 21810K, committed 22336K, reserved 1048576K
}
Event: 6816.557 GC heap before
{Heap before GC invocations=102 (full 1):
 garbage-first heap   total 750592K, used 627071K [0x0000000080000000, 0x0000000100000000)
  region size 1024K, 423 young (433152K), 17 survivors (17408K)
 Metaspace       used 166011K, committed 167104K, reserved 1245184K
  class space    used 21834K, committed 22336K, reserved 1048576K
}
Event: 6816.583 GC heap after
{Heap after GC invocations=103 (full 1):
 garbage-first heap   total 750592K, used 202623K [0x0000000080000000, 0x0000000100000000)
  region size 1024K, 13 young (13312K), 13 survivors (13312K)
 Metaspace       used 166011K, committed 167104K, reserved 1245184K
  class space    used 21834K, committed 22336K, reserved 1048576K
}
Event: 6844.027 GC heap before
{Heap before GC invocations=103 (full 1):
 garbage-first heap   total 750592K, used 628607K [0x0000000080000000, 0x0000000100000000)
  region size 1024K, 365 young (373760K), 13 survivors (13312K)
 Metaspace       used 167972K, committed 169152K, reserved 1245184K
  class space    used 22037K, committed 22592K, reserved 1048576K
}
Event: 6844.696 GC heap after
{Heap after GC invocations=104 (full 1):
 garbage-first heap   total 750592K, used 210303K [0x0000000080000000, 0x0000000100000000)
  region size 1024K, 15 young (15360K), 15 survivors (15360K)
 Metaspace       used 167972K, committed 169152K, reserved 1245184K
  class space    used 22037K, committed 22592K, reserved 1048576K
}
Event: 7431.642 GC heap before
{Heap before GC invocations=104 (full 1):
 garbage-first heap   total 750592K, used 457087K [0x0000000080000000, 0x0000000100000000)
  region size 1024K, 242 young (247808K), 15 survivors (15360K)
 Metaspace       used 169465K, committed 170624K, reserved 1245184K
  class space    used 22228K, committed 22784K, reserved 1048576K
}
Event: 7477.059 GC heap after
{Heap after GC invocations=105 (full 2):
 garbage-first heap   total 406528K, used 120172K [0x0000000080000000, 0x0000000100000000)
  region size 1024K, 0 young (0K), 0 survivors (0K)
 Metaspace       used 169278K, committed 170624K, reserved 1245184K
  class space    used 22182K, committed 22784K, reserved 1048576K
}

