# JRE version: OpenJDK Runtime Environment (17.0.10) (build 17.0.10+0--11572160)
# Java VM: OpenJDK 64-Bit Server VM (17.0.10+0--11572160, mixed mode, tiered, compressed oops, compressed class ptrs, g1 gc, windows-amd64)
GC Precious Log:
 CPUs: 4 total, 4 available
 Memory: 8095M
 Large Page Support: Disabled
 NUMA Support: Disabled
 Compressed Oops: Enabled (32-bit)
 Heap Region Size: 1M
 Heap Min Capacity: 8M
 Heap Initial Capacity: 128M
 Heap Max Capacity: 2G
 Pre-touch: Disabled
 Parallel Workers: 4
 Concurrent Workers: 1
 Concurrent Refinement Workers: 4
 Periodic GC: Disabled
Heap:
 garbage-first heap   total 348160K, used 145694K [0x0000000080000000, 0x0000000100000000)
  region size 1024K, 3 young (3072K), 3 survivors (3072K)
 Metaspace       used 160756K, committed 163072K, reserved 1245184K
  class space    used 21191K, committed 22144K, reserved 1048576K
GC Heap History (20 events):
Event: 1254.597 GC heap after
{Heap after GC invocations=85 (full 0):
 garbage-first heap   total 717824K, used 361326K [0x0000000080000000, 0x0000000100000000)
  region size 1024K, 16 young (16384K), 16 survivors (16384K)
 Metaspace       used 161820K, committed 163008K, reserved 1245184K
  class space    used 21439K, committed 22016K, reserved 1048576K
}
Event: 1295.184 GC heap before
{Heap before GC invocations=85 (full 0):
 garbage-first heap   total 717824K, used 576366K [0x0000000080000000, 0x0000000100000000)
  region size 1024K, 196 young (200704K), 16 survivors (16384K)
 Metaspace       used 166185K, committed 167424K, reserved 1245184K
  class space    used 21915K, committed 22528K, reserved 1048576K
}
Event: 1295.256 GC heap after
{Heap after GC invocations=86 (full 0):
 garbage-first heap   total 717824K, used 367877K [0x0000000080000000, 0x0000000100000000)
  region size 1024K, 18 young (18432K), 18 survivors (18432K)
 Metaspace       used 166185K, committed 167424K, reserved 1245184K
  class space    used 21915K, committed 22528K, reserved 1048576K
}
Event: 1389.097 GC heap before
{Heap before GC invocations=86 (full 0):
 garbage-first heap   total 717824K, used 577797K [0x0000000080000000, 0x0000000100000000)
  region size 1024K, 205 young (209920K), 18 survivors (18432K)
 Metaspace       used 167672K, committed 168896K, reserved 1245184K
  class space    used 22056K, committed 22656K, reserved 1048576K
}
Event: 1389.292 GC heap after
{Heap after GC invocations=87 (full 0):
 garbage-first heap   total 717824K, used 382421K [0x0000000080000000, 0x0000000100000000)
  region size 1024K, 23 young (23552K), 23 survivors (23552K)
 Metaspace       used 167672K, committed 168896K, reserved 1245184K
  class space    used 22056K, committed 22656K, reserved 1048576K
}
Event: 4053.627 GC heap before
{Heap before GC invocations=87 (full 0):
 garbage-first heap   total 717824K, used 497109K [0x0000000080000000, 0x0000000100000000)
  region size 1024K, 118 young (120832K), 23 survivors (23552K)
 Metaspace       used 167813K, committed 169088K, reserved 1245184K
  class space    used 22057K, committed 22656K, reserved 1048576K
}
Event: 4057.709 GC heap after
{Heap after GC invocations=88 (full 1):
 garbage-first heap   total 413696K, used 122110K [0x0000000080000000, 0x0000000100000000)
  region size 1024K, 0 young (0K), 0 survivors (0K)
 Metaspace       used 167806K, committed 169088K, reserved 1245184K
  class space    used 22054K, committed 22656K, reserved 1048576K
}
Event: 7657.818 GC heap before
{Heap before GC invocations=88 (full 1):
 garbage-first heap   total 413696K, used 183550K [0x0000000080000000, 0x0000000100000000)
  region size 1024K, 62 young (63488K), 0 survivors (0K)
 Metaspace       used 167816K, committed 169088K, reserved 1245184K
  class space    used 22054K, committed 22656K, reserved 1048576K
}
Event: 7659.982 GC heap after
{Heap after GC invocations=89 (full 2):
 garbage-first heap   total 348160K, used 100927K [0x0000000080000000, 0x0000000100000000)
  region size 1024K, 0 young (0K), 0 survivors (0K)
 Metaspace       used 159787K, committed 163072K, reserved 1245184K
  class space    used 21049K, committed 22144K, reserved 1048576K
}
Event: 10419.558 GC heap before
{Heap before GC invocations=89 (full 2):
 garbage-first heap   total 348160K, used 243263K [0x0000000080000000, 0x0000000100000000)
  region size 1024K, 140 young (143360K), 0 survivors (0K)
 Metaspace       used 160619K, committed 163072K, reserved 1245184K
  class space    used 21180K, committed 22144K, reserved 1048576K
}
Event: 10420.628 GC heap after
{Heap after GC invocations=90 (full 2):
 garbage-first heap   total 348160K, used 111679K [0x0000000080000000, 0x0000000100000000)
  region size 1024K, 11 young (11264K), 11 survivors (11264K)
 Metaspace       used 160619K, committed 163072K, reserved 1245184K
  class space    used 21180K, committed 22144K, reserved 1048576K
}
Event: 10425.844 GC heap before
{Heap before GC invocations=90 (full 2):
 garbage-first heap   total 348160K, used 123967K [0x0000000080000000, 0x0000000100000000)
  region size 1024K, 24 young (24576K), 11 survivors (11264K)
 Metaspace       used 160637K, committed 163072K, reserved 1245184K
  class space    used 21183K, committed 22144K, reserved 1048576K
}
Event: 10426.242 GC heap after
{Heap after GC invocations=91 (full 2):
 garbage-first heap   total 348160K, used 114071K [0x0000000080000000, 0x0000000100000000)
  region size 1024K, 3 young (3072K), 3 survivors (3072K)
 Metaspace       used 160637K, committed 163072K, reserved 1245184K
  class space    used 21183K, committed 22144K, reserved 1048576K
}
Event: 10427.443 GC heap before
{Heap before GC invocations=91 (full 2):
 garbage-first heap   total 348160K, used 131479K [0x0000000080000000, 0x0000000100000000)
  region size 1024K, 17 young (17408K), 3 survivors (3072K)
 Metaspace       used 160690K, committed 163072K, reserved 1245184K
  class space    used 21188K, committed 22144K, reserved 1048576K
}
Event: 10427.544 GC heap after
{Heap after GC invocations=92 (full 2):
 garbage-first heap   total 348160K, used 120775K [0x0000000080000000, 0x0000000100000000)
  region size 1024K, 3 young (3072K), 3 survivors (3072K)
 Metaspace       used 160690K, committed 163072K, reserved 1245184K
  class space    used 21188K, committed 22144K, reserved 1048576K
}
Event: 10427.811 GC heap before
{Heap before GC invocations=92 (full 2):
 garbage-first heap   total 348160K, used 135111K [0x0000000080000000, 0x0000000100000000)
  region size 1024K, 17 young (17408K), 3 survivors (3072K)
 Metaspace       used 160690K, committed 163072K, reserved 1245184K
  class space    used 21188K, committed 22144K, reserved 1048576K
}
Event: 10428.442 GC heap after
{Heap after GC invocations=93 (full 2):
 garbage-first heap   total 348160K, used 130161K [0x0000000080000000, 0x0000000100000000)
  region size 1024K, 3 young (3072K), 3 survivors (3072K)
 Metaspace       used 160690K, committed 163072K, reserved 1245184K
  class space    used 21188K, committed 22144K, reserved 1048576K
}
Event: 10428.796 GC heap before
{Heap before GC invocations=93 (full 2):
 garbage-first heap   total 348160K, used 144497K [0x0000000080000000, 0x0000000100000000)
  region size 1024K, 17 young (17408K), 3 survivors (3072K)
 Metaspace       used 160701K, committed 163072K, reserved 1245184K
  class space    used 21188K, committed 22144K, reserved 1048576K
}
Event: 10428.932 GC heap after
{Heap after GC invocations=94 (full 2):
 garbage-first heap   total 348160K, used 137764K [0x0000000080000000, 0x0000000100000000)
  region size 1024K, 3 young (3072K), 3 survivors (3072K)
 Metaspace       used 160701K, committed 163072K, reserved 1245184K
  class space    used 21188K, committed 22144K, reserved 1048576K
}
Event: 10430.541 GC heap before
{Heap before GC invocations=94 (full 2):
 garbage-first heap   total 348160K, used 159268K [0x0000000080000000, 0x0000000100000000)
  region size 1024K, 17 young (17408K), 3 survivors (3072K)
 Metaspace       used 160756K, committed 163072K, reserved 1245184K
  class space    used 21191K, committed 22144K, reserved 1048576K
}

