# JRE version: OpenJDK Runtime Environment (17.0.10) (build 17.0.10+0--11572160)
# Java VM: OpenJDK 64-Bit Server VM (17.0.10+0--11572160, mixed mode, tiered, compressed oops, compressed class ptrs, g1 gc, windows-amd64)
GC Precious Log:
 CPUs: 4 total, 4 available
 Memory: 8095M
 Large Page Support: Disabled
 NUMA Support: Disabled
 Compressed Oops: Enabled (32-bit)
 Heap Region Size: 1M
 Heap Min Capacity: 8M
 Heap Initial Capacity: 128M
 Heap Max Capacity: 2G
 Pre-touch: Disabled
 Parallel Workers: 4
 Concurrent Workers: 1
 Concurrent Refinement Workers: 4
 Periodic GC: Disabled
Heap:
 garbage-first heap   total 71680K, used 59368K [0x0000000080000000, 0x0000000100000000)
  region size 1024K, 26 young (26624K), 3 survivors (3072K)
 Metaspace       used 55711K, committed 56320K, reserved 1114112K
  class space    used 7653K, committed 7936K, reserved 1048576K
GC Heap History (20 events):
Event: 60.622 GC heap before
{Heap before GC invocations=7 (full 0):
 garbage-first heap   total 71680K, used 51634K [0x0000000080000000, 0x0000000100000000)
  region size 1024K, 31 young (31744K), 1 survivors (1024K)
 Metaspace       used 30923K, committed 31232K, reserved 1114112K
  class space    used 4110K, committed 4224K, reserved 1048576K
}
Event: 60.628 GC heap after
{Heap after GC invocations=8 (full 0):
 garbage-first heap   total 71680K, used 22371K [0x0000000080000000, 0x0000000100000000)
  region size 1024K, 2 young (2048K), 2 survivors (2048K)
 Metaspace       used 30923K, committed 31232K, reserved 1114112K
  class space    used 4110K, committed 4224K, reserved 1048576K
}
Event: 62.922 GC heap before
{Heap before GC invocations=8 (full 0):
 garbage-first heap   total 71680K, used 53091K [0x0000000080000000, 0x0000000100000000)
  region size 1024K, 33 young (33792K), 2 survivors (2048K)
 Metaspace       used 35024K, committed 35328K, reserved 1114112K
  class space    used 4778K, committed 4928K, reserved 1048576K
}
Event: 62.930 GC heap after
{Heap after GC invocations=9 (full 0):
 garbage-first heap   total 71680K, used 23791K [0x0000000080000000, 0x0000000100000000)
  region size 1024K, 4 young (4096K), 4 survivors (4096K)
 Metaspace       used 35024K, committed 35328K, reserved 1114112K
  class space    used 4778K, committed 4928K, reserved 1048576K
}
Event: 63.162 GC heap before
{Heap before GC invocations=9 (full 0):
 garbage-first heap   total 71680K, used 26863K [0x0000000080000000, 0x0000000100000000)
  region size 1024K, 8 young (8192K), 4 survivors (4096K)
 Metaspace       used 35711K, committed 35968K, reserved 1114112K
  class space    used 4867K, committed 4992K, reserved 1048576K
}
Event: 63.170 GC heap after
{Heap after GC invocations=10 (full 0):
 garbage-first heap   total 71680K, used 23958K [0x0000000080000000, 0x0000000100000000)
  region size 1024K, 2 young (2048K), 2 survivors (2048K)
 Metaspace       used 35711K, committed 35968K, reserved 1114112K
  class space    used 4867K, committed 4992K, reserved 1048576K
}
Event: 64.946 GC heap before
{Heap before GC invocations=11 (full 0):
 garbage-first heap   total 71680K, used 55702K [0x0000000080000000, 0x0000000100000000)
  region size 1024K, 34 young (34816K), 2 survivors (2048K)
 Metaspace       used 41034K, committed 41344K, reserved 1114112K
  class space    used 5427K, committed 5568K, reserved 1048576K
}
Event: 64.957 GC heap after
{Heap after GC invocations=12 (full 0):
 garbage-first heap   total 71680K, used 28120K [0x0000000080000000, 0x0000000100000000)
  region size 1024K, 5 young (5120K), 5 survivors (5120K)
 Metaspace       used 41034K, committed 41344K, reserved 1114112K
  class space    used 5427K, committed 5568K, reserved 1048576K
}
Event: 64.963 GC heap before
{Heap before GC invocations=12 (full 0):
 garbage-first heap   total 71680K, used 29144K [0x0000000080000000, 0x0000000100000000)
  region size 1024K, 6 young (6144K), 5 survivors (5120K)
 Metaspace       used 41035K, committed 41344K, reserved 1114112K
  class space    used 5427K, committed 5568K, reserved 1048576K
}
Event: 64.974 GC heap after
{Heap after GC invocations=13 (full 0):
 garbage-first heap   total 71680K, used 28604K [0x0000000080000000, 0x0000000100000000)
  region size 1024K, 1 young (1024K), 1 survivors (1024K)
 Metaspace       used 41035K, committed 41344K, reserved 1114112K
  class space    used 5427K, committed 5568K, reserved 1048576K
}
Event: 65.657 GC heap before
{Heap before GC invocations=13 (full 0):
 garbage-first heap   total 71680K, used 54204K [0x0000000080000000, 0x0000000100000000)
  region size 1024K, 27 young (27648K), 1 survivors (1024K)
 Metaspace       used 42552K, committed 42944K, reserved 1114112K
  class space    used 5655K, committed 5824K, reserved 1048576K
}
Event: 65.661 GC heap after
{Heap after GC invocations=14 (full 0):
 garbage-first heap   total 71680K, used 29275K [0x0000000080000000, 0x0000000100000000)
  region size 1024K, 2 young (2048K), 2 survivors (2048K)
 Metaspace       used 42552K, committed 42944K, reserved 1114112K
  class space    used 5655K, committed 5824K, reserved 1048576K
}
Event: 67.580 GC heap before
{Heap before GC invocations=14 (full 0):
 garbage-first heap   total 71680K, used 54875K [0x0000000080000000, 0x0000000100000000)
  region size 1024K, 28 young (28672K), 2 survivors (2048K)
 Metaspace       used 45803K, committed 46208K, reserved 1114112K
  class space    used 6211K, committed 6400K, reserved 1048576K
}
Event: 67.588 GC heap after
{Heap after GC invocations=15 (full 0):
 garbage-first heap   total 71680K, used 31608K [0x0000000080000000, 0x0000000100000000)
  region size 1024K, 4 young (4096K), 4 survivors (4096K)
 Metaspace       used 45803K, committed 46208K, reserved 1114112K
  class space    used 6211K, committed 6400K, reserved 1048576K
}
Event: 69.182 GC heap before
{Heap before GC invocations=15 (full 0):
 garbage-first heap   total 71680K, used 56184K [0x0000000080000000, 0x0000000100000000)
  region size 1024K, 28 young (28672K), 4 survivors (4096K)
 Metaspace       used 49102K, committed 49536K, reserved 1114112K
  class space    used 6727K, committed 6912K, reserved 1048576K
}
Event: 69.192 GC heap after
{Heap after GC invocations=16 (full 0):
 garbage-first heap   total 71680K, used 32852K [0x0000000080000000, 0x0000000100000000)
  region size 1024K, 2 young (2048K), 2 survivors (2048K)
 Metaspace       used 49102K, committed 49536K, reserved 1114112K
  class space    used 6727K, committed 6912K, reserved 1048576K
}
Event: 72.545 GC heap before
{Heap before GC invocations=16 (full 0):
 garbage-first heap   total 71680K, used 56404K [0x0000000080000000, 0x0000000100000000)
  region size 1024K, 26 young (26624K), 2 survivors (2048K)
 Metaspace       used 51944K, committed 52352K, reserved 1114112K
  class space    used 7190K, committed 7360K, reserved 1048576K
}
Event: 72.551 GC heap after
{Heap after GC invocations=17 (full 0):
 garbage-first heap   total 71680K, used 33976K [0x0000000080000000, 0x0000000100000000)
  region size 1024K, 3 young (3072K), 3 survivors (3072K)
 Metaspace       used 51944K, committed 52352K, reserved 1114112K
  class space    used 7190K, committed 7360K, reserved 1048576K
}
Event: 72.984 GC heap before
{Heap before GC invocations=17 (full 0):
 garbage-first heap   total 71680K, used 39096K [0x0000000080000000, 0x0000000100000000)
  region size 1024K, 9 young (9216K), 3 survivors (3072K)
 Metaspace       used 52551K, committed 52992K, reserved 1114112K
  class space    used 7280K, committed 7488K, reserved 1048576K
}
Event: 72.990 GC heap after
{Heap after GC invocations=18 (full 0):
 garbage-first heap   total 71680K, used 34792K [0x0000000080000000, 0x0000000100000000)
  region size 1024K, 3 young (3072K), 3 survivors (3072K)
 Metaspace       used 52551K, committed 52992K, reserved 1114112K
  class space    used 7280K, committed 7488K, reserved 1048576K
}

